<?xml version="1.0" encoding="UTF-8"?>
<testng-results skipped="0" failed="0" total="1" passed="1">
  <reporter-output>
  </reporter-output>
  <suite name="Suite" duration-ms="14156" started-at="2016-08-06T09:27:34Z" finished-at="2016-08-06T09:27:48Z">
    <groups>
    </groups>
    <test name="Test" duration-ms="14156" started-at="2016-08-06T09:27:34Z" finished-at="2016-08-06T09:27:48Z">
      <class name="mypackage.Demo1">
        <test-method status="PASS" signature="testA()[pri:0, instance:mypackage.Demo1@482f8f11]" name="testA" duration-ms="14129" started-at="2016-08-06T14:57:34Z" finished-at="2016-08-06T14:57:48Z">
          <reporter-output>
          </reporter-output>
        </test-method> <!-- testA -->
      </class> <!-- mypackage.Demo1 -->
    </test> <!-- Test -->
  </suite> <!-- Suite -->
</testng-results>
